2025-04-07 22:34:40,783 WARNING:No sprint data found.
2025-04-07 22:34:41,057 INFO:Loading data for Australian Grand Prix - Race [v3.5.3]
2025-04-07 22:34:41,057 INFO:No cached data found for session_info. Loading data...
2025-04-07 22:34:41,057 INFO:Fetching session info data...
2025-04-07 22:34:41,660 INFO:Data has been written to cache!
2025-04-07 22:34:41,660 INFO:No cached data found for driver_info. Loading data...
2025-04-07 22:34:41,660 INFO:Fetching driver list...
2025-04-07 22:34:42,184 INFO:Data has been written to cache!
2025-04-07 22:34:43,087 INFO:No cached data found for session_status_data. Loading data...
2025-04-07 22:34:43,087 INFO:Fetching session status data...
2025-04-07 22:34:43,640 INFO:Data has been written to cache!
2025-04-07 22:34:43,641 INFO:No cached data found for lap_count. Loading data...
2025-04-07 22:34:43,641 INFO:Fetching lap count data...
2025-04-07 22:34:44,163 INFO:Data has been written to cache!
2025-04-07 22:34:44,163 INFO:No cached data found for track_status_data. Loading data...
2025-04-07 22:34:44,163 INFO:Fetching track status data...
2025-04-07 22:34:44,684 INFO:Data has been written to cache!
2025-04-07 22:34:44,684 INFO:No cached data found for _extended_timing_data. Loading data...
2025-04-07 22:34:44,684 INFO:Fetching timing data...
2025-04-07 22:34:45,651 INFO:Parsing timing data...
2025-04-07 22:34:45,902 INFO:Data has been written to cache!
2025-04-07 22:34:45,902 INFO:No cached data found for timing_app_data. Loading data...
2025-04-07 22:34:45,903 INFO:Fetching timing app data...
2025-04-07 22:34:46,496 INFO:Data has been written to cache!
2025-04-07 22:34:46,497 INFO:Processing timing data...
2025-04-07 22:34:46,772 WARNING:Driver 16: Lap timing integrity check failed for 1 lap(s)
2025-04-07 22:34:47,308 INFO:No cached data found for car_data. Loading data...
2025-04-07 22:34:47,308 INFO:Fetching car data...
2025-04-07 22:34:48,939 INFO:Parsing car data...
2025-04-07 22:34:50,302 INFO:Data has been written to cache!
2025-04-07 22:34:50,302 INFO:No cached data found for position_data. Loading data...
2025-04-07 22:34:50,302 INFO:Fetching position data...
2025-04-07 22:34:51,768 INFO:Parsing position data...
2025-04-07 22:34:52,676 INFO:Data has been written to cache!
2025-04-07 22:34:53,052 INFO:No cached data found for weather_data. Loading data...
2025-04-07 22:34:53,052 INFO:Fetching weather data...
2025-04-07 22:34:53,576 INFO:Data has been written to cache!
2025-04-07 22:34:53,577 INFO:No cached data found for race_control_messages. Loading data...
2025-04-07 22:34:53,577 INFO:Fetching race control messages...
2025-04-07 22:34:54,087 INFO:Data has been written to cache!
2025-04-07 22:34:54,088 WARNING:Driver 77 completed the race distance 00:00.387000 before the recorded end of the session.
2025-04-07 22:34:54,109 INFO:Finished loading data for 20 drivers: ['77', '44', '33', '5', '16', '20', '27', '7', '18', '26', '10', '4', '11', '23', '99', '63', '88', '8', '3', '55']
2025-04-07 22:34:54,109 WARNING:Error in Round 1 - Melbourne: unsupported operand type(s) for &: 'TimedeltaArray' and 'TimedeltaArray'
2025-04-07 22:35:27,865 WARNING:No sprint data found.
2025-04-07 22:35:27,892 INFO:Loading data for Bahrain Grand Prix - Race [v3.5.3]
2025-04-07 22:35:27,893 INFO:No cached data found for session_info. Loading data...
2025-04-07 22:35:27,893 INFO:Fetching session info data...
2025-04-07 22:35:28,452 INFO:Data has been written to cache!
2025-04-07 22:35:28,453 INFO:No cached data found for driver_info. Loading data...
2025-04-07 22:35:28,453 INFO:Fetching driver list...
2025-04-07 22:35:28,923 INFO:Data has been written to cache!
2025-04-07 22:35:29,405 INFO:No cached data found for session_status_data. Loading data...
2025-04-07 22:35:29,405 INFO:Fetching session status data...
2025-04-07 22:35:29,875 INFO:Data has been written to cache!
2025-04-07 22:35:29,875 INFO:No cached data found for lap_count. Loading data...
2025-04-07 22:35:29,875 INFO:Fetching lap count data...
2025-04-07 22:35:30,366 INFO:Data has been written to cache!
2025-04-07 22:35:30,366 INFO:No cached data found for track_status_data. Loading data...
2025-04-07 22:35:30,366 INFO:Fetching track status data...
2025-04-07 22:35:30,821 INFO:Data has been written to cache!
2025-04-07 22:35:30,821 INFO:No cached data found for _extended_timing_data. Loading data...
2025-04-07 22:35:30,821 INFO:Fetching timing data...
2025-04-07 22:35:32,048 INFO:Parsing timing data...
2025-04-07 22:35:32,335 INFO:Data has been written to cache!
2025-04-07 22:35:32,335 INFO:No cached data found for timing_app_data. Loading data...
2025-04-07 22:35:32,335 INFO:Fetching timing app data...
2025-04-07 22:35:32,871 INFO:Data has been written to cache!
2025-04-07 22:35:32,871 INFO:Processing timing data...
2025-04-07 22:35:33,684 INFO:No cached data found for car_data. Loading data...
2025-04-07 22:35:33,684 INFO:Fetching car data...
2025-04-07 22:35:35,384 INFO:Parsing car data...
2025-04-07 22:35:36,809 INFO:Data has been written to cache!
2025-04-07 22:35:36,809 INFO:No cached data found for position_data. Loading data...
2025-04-07 22:35:36,809 INFO:Fetching position data...
2025-04-07 22:35:38,350 INFO:Parsing position data...
2025-04-07 22:35:39,332 INFO:Data has been written to cache!
2025-04-07 22:35:39,733 INFO:No cached data found for weather_data. Loading data...
2025-04-07 22:35:39,733 INFO:Fetching weather data...
2025-04-07 22:35:40,267 INFO:Data has been written to cache!
2025-04-07 22:35:40,268 INFO:No cached data found for race_control_messages. Loading data...
2025-04-07 22:35:40,268 INFO:Fetching race control messages...
2025-04-07 22:35:40,787 INFO:Data has been written to cache!
2025-04-07 22:35:40,790 WARNING:Driver 44 completed the race distance 00:00.070000 before the recorded end of the session.
2025-04-07 22:35:40,836 INFO:Finished loading data for 20 drivers: ['44', '77', '16', '33', '5', '4', '7', '10', '23', '11', '99', '26', '20', '18', '63', '88', '27', '3', '55', '8']
2025-04-07 22:35:40,837 WARNING:Error in Round 2 - Sakhir: unsupported operand type(s) for &: 'TimedeltaArray' and 'TimedeltaArray'
2025-04-07 22:36:14,150 WARNING:No sprint data found.
2025-04-07 22:36:14,158 INFO:Loading data for Chinese Grand Prix - Race [v3.5.3]
2025-04-07 22:36:14,158 INFO:No cached data found for session_info. Loading data...
2025-04-07 22:36:14,158 INFO:Fetching session info data...
2025-04-07 22:36:14,715 INFO:Data has been written to cache!
2025-04-07 22:36:14,715 INFO:No cached data found for driver_info. Loading data...
2025-04-07 22:36:14,715 INFO:Fetching driver list...
2025-04-07 22:36:15,243 INFO:Data has been written to cache!
2025-04-07 22:36:15,700 INFO:No cached data found for session_status_data. Loading data...
2025-04-07 22:36:15,700 INFO:Fetching session status data...
2025-04-07 22:36:16,184 INFO:Data has been written to cache!
2025-04-07 22:36:16,185 INFO:No cached data found for lap_count. Loading data...
2025-04-07 22:36:16,185 INFO:Fetching lap count data...
2025-04-07 22:36:16,709 INFO:Data has been written to cache!
2025-04-07 22:36:16,709 INFO:No cached data found for track_status_data. Loading data...
2025-04-07 22:36:16,710 INFO:Fetching track status data...
2025-04-07 22:36:17,229 INFO:Data has been written to cache!
2025-04-07 22:36:17,231 INFO:No cached data found for _extended_timing_data. Loading data...
2025-04-07 22:36:17,231 INFO:Fetching timing data...
2025-04-07 22:36:18,250 INFO:Parsing timing data...
2025-04-07 22:36:18,485 INFO:Data has been written to cache!
2025-04-07 22:36:18,485 INFO:No cached data found for timing_app_data. Loading data...
2025-04-07 22:36:18,485 INFO:Fetching timing app data...
2025-04-07 22:36:19,039 INFO:Data has been written to cache!
2025-04-07 22:36:19,039 INFO:Processing timing data...
2025-04-07 22:36:19,849 INFO:No cached data found for car_data. Loading data...
2025-04-07 22:36:19,849 INFO:Fetching car data...
2025-04-07 22:36:21,514 INFO:Parsing car data...
2025-04-07 22:36:22,929 INFO:Data has been written to cache!
2025-04-07 22:36:22,929 INFO:No cached data found for position_data. Loading data...
2025-04-07 22:36:22,929 INFO:Fetching position data...
2025-04-07 22:36:24,518 INFO:Parsing position data...
2025-04-07 22:36:25,474 INFO:Data has been written to cache!
2025-04-07 22:36:25,867 INFO:No cached data found for weather_data. Loading data...
2025-04-07 22:36:25,867 INFO:Fetching weather data...
2025-04-07 22:36:26,419 INFO:Data has been written to cache!
2025-04-07 22:36:26,420 INFO:No cached data found for race_control_messages. Loading data...
2025-04-07 22:36:26,420 INFO:Fetching race control messages...
2025-04-07 22:36:26,916 INFO:Data has been written to cache!
2025-04-07 22:36:26,917 WARNING:Driver 44 completed the race distance 00:00.423000 before the recorded end of the session.
2025-04-07 22:36:26,929 INFO:Finished loading data for 20 drivers: ['44', '77', '5', '33', '16', '10', '3', '11', '7', '23', '8', '18', '20', '55', '99', '63', '88', '4', '26', '27']
2025-04-07 22:36:26,930 WARNING:Error in Round 3 - Shanghai: unsupported operand type(s) for &: 'TimedeltaArray' and 'TimedeltaArray'
2025-04-07 22:36:59,869 WARNING:No sprint data found.
2025-04-07 22:36:59,888 INFO:Loading data for Azerbaijan Grand Prix - Race [v3.5.3]
2025-04-07 22:36:59,888 INFO:No cached data found for session_info. Loading data...
2025-04-07 22:36:59,888 INFO:Fetching session info data...
2025-04-07 22:37:00,368 INFO:Data has been written to cache!
2025-04-07 22:37:00,368 INFO:No cached data found for driver_info. Loading data...
2025-04-07 22:37:00,368 INFO:Fetching driver list...
2025-04-07 22:37:00,892 INFO:Data has been written to cache!
2025-04-07 22:37:01,419 INFO:No cached data found for session_status_data. Loading data...
2025-04-07 22:37:01,419 INFO:Fetching session status data...
2025-04-07 22:37:01,929 INFO:Data has been written to cache!
2025-04-07 22:37:01,930 INFO:No cached data found for lap_count. Loading data...
2025-04-07 22:37:01,930 INFO:Fetching lap count data...
2025-04-07 22:37:02,392 INFO:Data has been written to cache!
2025-04-07 22:37:02,392 INFO:No cached data found for track_status_data. Loading data...
2025-04-07 22:37:02,392 INFO:Fetching track status data...
2025-04-07 22:37:02,875 INFO:Data has been written to cache!
2025-04-07 22:37:02,876 INFO:No cached data found for _extended_timing_data. Loading data...
2025-04-07 22:37:02,876 INFO:Fetching timing data...
2025-04-07 22:37:04,556 INFO:Parsing timing data...
2025-04-07 22:37:04,780 INFO:Data has been written to cache!
2025-04-07 22:37:04,780 INFO:No cached data found for timing_app_data. Loading data...
2025-04-07 22:37:04,780 INFO:Fetching timing app data...
2025-04-07 22:37:05,286 INFO:Data has been written to cache!
2025-04-07 22:37:05,286 INFO:Processing timing data...
2025-04-07 22:37:06,227 INFO:No cached data found for car_data. Loading data...
2025-04-07 22:37:06,227 INFO:Fetching car data...
2025-04-07 22:37:07,955 INFO:Parsing car data...
2025-04-07 22:37:09,322 INFO:Data has been written to cache!
2025-04-07 22:37:09,322 INFO:No cached data found for position_data. Loading data...
2025-04-07 22:37:09,322 INFO:Fetching position data...
2025-04-07 22:37:10,778 INFO:Parsing position data...
2025-04-07 22:37:11,756 INFO:Data has been written to cache!
2025-04-07 22:37:12,143 INFO:No cached data found for weather_data. Loading data...
2025-04-07 22:37:12,143 INFO:Fetching weather data...
2025-04-07 22:37:12,703 INFO:Data has been written to cache!
2025-04-07 22:37:12,704 INFO:No cached data found for race_control_messages. Loading data...
2025-04-07 22:37:12,704 INFO:Fetching race control messages...
2025-04-07 22:37:13,223 INFO:Data has been written to cache!
2025-04-07 22:37:13,226 WARNING:Driver 77 completed the race distance 00:00.075000 before the recorded end of the session.
2025-04-07 22:37:13,257 INFO:Finished loading data for 20 drivers: ['77', '44', '5', '33', '16', '11', '55', '4', '18', '7', '23', '99', '20', '27', '63', '88', '10', '8', '26', '3']
2025-04-07 22:37:13,258 WARNING:Error in Round 4 - Baku: unsupported operand type(s) for &: 'TimedeltaArray' and 'TimedeltaArray'
2025-04-07 22:37:47,210 WARNING:No sprint data found.
2025-04-07 22:37:47,230 INFO:Loading data for Spanish Grand Prix - Race [v3.5.3]
2025-04-07 22:37:47,231 INFO:No cached data found for session_info. Loading data...
2025-04-07 22:37:47,231 INFO:Fetching session info data...
2025-04-07 22:37:47,786 INFO:Data has been written to cache!
2025-04-07 22:37:47,786 INFO:No cached data found for driver_info. Loading data...
2025-04-07 22:37:47,786 INFO:Fetching driver list...
2025-04-07 22:37:48,310 INFO:Data has been written to cache!
2025-04-07 22:37:48,745 INFO:No cached data found for session_status_data. Loading data...
2025-04-07 22:37:48,745 INFO:Fetching session status data...
2025-04-07 22:37:49,356 INFO:Data has been written to cache!
2025-04-07 22:37:49,356 INFO:No cached data found for lap_count. Loading data...
2025-04-07 22:37:49,356 INFO:Fetching lap count data...
2025-04-07 22:37:49,878 INFO:Data has been written to cache!
2025-04-07 22:37:49,878 INFO:No cached data found for track_status_data. Loading data...
2025-04-07 22:37:49,878 INFO:Fetching track status data...
2025-04-07 22:37:50,349 INFO:Data has been written to cache!
2025-04-07 22:37:50,350 INFO:No cached data found for _extended_timing_data. Loading data...
2025-04-07 22:37:50,350 INFO:Fetching timing data...
2025-04-07 22:37:51,366 INFO:Parsing timing data...
2025-04-07 22:37:51,625 INFO:Data has been written to cache!
2025-04-07 22:37:51,625 INFO:No cached data found for timing_app_data. Loading data...
2025-04-07 22:37:51,625 INFO:Fetching timing app data...
2025-04-07 22:37:53,095 INFO:Data has been written to cache!
2025-04-07 22:37:53,095 INFO:Processing timing data...
2025-04-07 22:37:53,957 INFO:No cached data found for car_data. Loading data...
2025-04-07 22:37:53,958 INFO:Fetching car data...
2025-04-07 22:37:55,783 INFO:Parsing car data...
2025-04-07 22:37:57,207 INFO:Data has been written to cache!
2025-04-07 22:37:57,208 INFO:No cached data found for position_data. Loading data...
2025-04-07 22:37:57,208 INFO:Fetching position data...
2025-04-07 22:37:59,900 INFO:Parsing position data...
2025-04-07 22:38:00,932 INFO:Data has been written to cache!
2025-04-07 22:38:01,340 INFO:No cached data found for weather_data. Loading data...
2025-04-07 22:38:01,340 INFO:Fetching weather data...
2025-04-07 22:38:01,814 INFO:Data has been written to cache!
2025-04-07 22:38:01,815 INFO:No cached data found for race_control_messages. Loading data...
2025-04-07 22:38:01,815 INFO:Fetching race control messages...
2025-04-07 22:38:02,318 INFO:Data has been written to cache!
2025-04-07 22:38:02,321 WARNING:Driver 44 completed the race distance 00:00.059000 before the recorded end of the session.
2025-04-07 22:38:02,353 INFO:Finished loading data for 20 drivers: ['44', '77', '33', '5', '16', '10', '20', '55', '26', '8', '23', '3', '27', '7', '11', '99', '63', '88', '18', '4']
2025-04-07 22:38:02,353 WARNING:Error in Round 5 - Barcelona: unsupported operand type(s) for &: 'TimedeltaArray' and 'TimedeltaArray'
2025-04-07 22:38:35,430 WARNING:No sprint data found.
2025-04-07 22:38:35,454 INFO:Loading data for Monaco Grand Prix - Race [v3.5.3]
2025-04-07 22:38:35,455 INFO:No cached data found for session_info. Loading data...
2025-04-07 22:38:35,455 INFO:Fetching session info data...
2025-04-07 22:38:35,926 INFO:Data has been written to cache!
2025-04-07 22:38:35,927 INFO:No cached data found for driver_info. Loading data...
2025-04-07 22:38:35,927 INFO:Fetching driver list...
2025-04-07 22:38:36,452 INFO:Data has been written to cache!
2025-04-07 22:38:36,996 INFO:No cached data found for session_status_data. Loading data...
2025-04-07 22:38:36,996 INFO:Fetching session status data...
2025-04-07 22:38:37,503 INFO:Data has been written to cache!
2025-04-07 22:38:37,505 INFO:No cached data found for lap_count. Loading data...
2025-04-07 22:38:37,505 INFO:Fetching lap count data...
2025-04-07 22:38:38,031 INFO:Data has been written to cache!
2025-04-07 22:38:38,032 INFO:No cached data found for track_status_data. Loading data...
2025-04-07 22:38:38,032 INFO:Fetching track status data...
2025-04-07 22:38:38,550 INFO:Data has been written to cache!
2025-04-07 22:38:38,551 INFO:No cached data found for _extended_timing_data. Loading data...
2025-04-07 22:38:38,551 INFO:Fetching timing data...
2025-04-07 22:38:39,695 INFO:Parsing timing data...
2025-04-07 22:38:40,001 INFO:Data has been written to cache!
2025-04-07 22:38:40,001 INFO:No cached data found for timing_app_data. Loading data...
2025-04-07 22:38:40,001 INFO:Fetching timing app data...
2025-04-07 22:38:40,543 INFO:Data has been written to cache!
2025-04-07 22:38:40,543 INFO:Processing timing data...
2025-04-07 22:38:41,476 INFO:No cached data found for car_data. Loading data...
2025-04-07 22:38:41,476 INFO:Fetching car data...
2025-04-07 22:38:45,686 INFO:Parsing car data...
2025-04-07 22:38:47,293 INFO:Data has been written to cache!
2025-04-07 22:38:47,294 INFO:No cached data found for position_data. Loading data...
2025-04-07 22:38:47,294 INFO:Fetching position data...
2025-04-07 22:38:49,203 INFO:Parsing position data...
2025-04-07 22:38:50,325 INFO:Data has been written to cache!
2025-04-07 22:38:50,754 INFO:No cached data found for weather_data. Loading data...
2025-04-07 22:38:50,755 INFO:Fetching weather data...
2025-04-07 22:38:51,246 INFO:Data has been written to cache!
2025-04-07 22:38:51,247 INFO:No cached data found for race_control_messages. Loading data...
2025-04-07 22:38:51,247 INFO:Fetching race control messages...
2025-04-07 22:38:51,826 INFO:Data has been written to cache!
2025-04-07 22:38:51,829 WARNING:Driver 44 completed the race distance 00:00.087000 before the recorded end of the session.
2025-04-07 22:38:51,849 INFO:Finished loading data for 20 drivers: ['44', '5', '77', '33', '10', '55', '26', '23', '3', '8', '4', '11', '27', '20', '63', '18', '7', '88', '99', '16']
2025-04-07 22:38:51,858 INFO:Processed Round 6: Monte Carlo
2025-04-07 22:39:24,275 WARNING:No sprint data found.
2025-04-07 22:39:24,297 INFO:Loading data for Canadian Grand Prix - Race [v3.5.3]
2025-04-07 22:39:24,297 INFO:No cached data found for session_info. Loading data...
2025-04-07 22:39:24,297 INFO:Fetching session info data...
2025-04-07 22:39:24,785 INFO:Data has been written to cache!
2025-04-07 22:39:24,786 INFO:No cached data found for driver_info. Loading data...
2025-04-07 22:39:24,786 INFO:Fetching driver list...
2025-04-07 22:39:25,253 INFO:Data has been written to cache!
2025-04-07 22:39:25,746 INFO:No cached data found for session_status_data. Loading data...
2025-04-07 22:39:25,746 INFO:Fetching session status data...
2025-04-07 22:39:26,207 INFO:Data has been written to cache!
2025-04-07 22:39:26,208 INFO:No cached data found for lap_count. Loading data...
2025-04-07 22:39:26,208 INFO:Fetching lap count data...
2025-04-07 22:39:26,677 INFO:Data has been written to cache!
2025-04-07 22:39:26,677 INFO:No cached data found for track_status_data. Loading data...
2025-04-07 22:39:26,677 INFO:Fetching track status data...
2025-04-07 22:39:27,214 INFO:Data has been written to cache!
2025-04-07 22:39:27,215 INFO:No cached data found for _extended_timing_data. Loading data...
2025-04-07 22:39:27,215 INFO:Fetching timing data...
2025-04-07 22:39:28,635 INFO:Parsing timing data...
2025-04-07 22:39:28,901 INFO:Data has been written to cache!
2025-04-07 22:39:28,901 INFO:No cached data found for timing_app_data. Loading data...
2025-04-07 22:39:28,901 INFO:Fetching timing app data...
2025-04-07 22:39:29,460 INFO:Data has been written to cache!
2025-04-07 22:39:29,460 INFO:Processing timing data...
2025-04-07 22:39:30,297 INFO:No cached data found for car_data. Loading data...
2025-04-07 22:39:30,297 INFO:Fetching car data...
2025-04-07 22:39:31,931 INFO:Parsing car data...
2025-04-07 22:39:33,427 INFO:Data has been written to cache!
2025-04-07 22:39:33,427 INFO:No cached data found for position_data. Loading data...
2025-04-07 22:39:33,427 INFO:Fetching position data...
2025-04-07 22:39:35,022 INFO:Parsing position data...
2025-04-07 22:39:36,050 INFO:Data has been written to cache!
2025-04-07 22:39:36,441 INFO:No cached data found for weather_data. Loading data...
2025-04-07 22:39:36,441 INFO:Fetching weather data...
2025-04-07 22:39:37,056 INFO:Data has been written to cache!
2025-04-07 22:39:37,057 INFO:No cached data found for race_control_messages. Loading data...
2025-04-07 22:39:37,057 INFO:Fetching race control messages...
2025-04-07 22:39:37,538 INFO:Data has been written to cache!
2025-04-07 22:39:37,541 WARNING:Driver 5 completed the race distance 00:00.190000 before the recorded end of the session.
2025-04-07 22:39:37,573 INFO:Finished loading data for 20 drivers: ['44', '5', '16', '77', '33', '3', '27', '10', '18', '26', '55', '11', '99', '8', '7', '63', '20', '88', '23', '4']
2025-04-07 22:39:37,573 WARNING:Error in Round 7 - Montreal: unsupported operand type(s) for &: 'TimedeltaArray' and 'TimedeltaArray'
2025-04-07 22:40:11,091 WARNING:No sprint data found.
2025-04-07 22:40:11,291 INFO:Loading data for French Grand Prix - Race [v3.5.3]
2025-04-07 22:40:11,292 INFO:No cached data found for session_info. Loading data...
2025-04-07 22:40:11,292 INFO:Fetching session info data...
2025-04-07 22:40:11,924 INFO:Data has been written to cache!
2025-04-07 22:40:11,924 INFO:No cached data found for driver_info. Loading data...
2025-04-07 22:40:11,925 INFO:Fetching driver list...
2025-04-07 22:40:12,472 INFO:Data has been written to cache!
2025-04-07 22:40:12,991 INFO:No cached data found for session_status_data. Loading data...
2025-04-07 22:40:12,993 INFO:Fetching session status data...
2025-04-07 22:40:13,599 INFO:Data has been written to cache!
2025-04-07 22:40:13,600 INFO:No cached data found for lap_count. Loading data...
2025-04-07 22:40:13,600 INFO:Fetching lap count data...
2025-04-07 22:40:14,136 INFO:Data has been written to cache!
2025-04-07 22:40:14,136 INFO:No cached data found for track_status_data. Loading data...
2025-04-07 22:40:14,136 INFO:Fetching track status data...
2025-04-07 22:40:14,661 INFO:Data has been written to cache!
2025-04-07 22:40:14,662 INFO:No cached data found for _extended_timing_data. Loading data...
2025-04-07 22:40:14,662 INFO:Fetching timing data...
2025-04-07 22:40:16,341 INFO:Parsing timing data...
2025-04-07 22:40:16,595 INFO:Data has been written to cache!
2025-04-07 22:40:16,595 INFO:No cached data found for timing_app_data. Loading data...
2025-04-07 22:40:16,595 INFO:Fetching timing app data...
2025-04-07 22:40:17,177 INFO:Data has been written to cache!
2025-04-07 22:40:17,177 INFO:Processing timing data...
2025-04-07 22:40:17,469 WARNING:Driver 27: Lap timing integrity check failed for 1 lap(s)
2025-04-07 22:40:17,996 INFO:No cached data found for car_data. Loading data...
2025-04-07 22:40:17,996 INFO:Fetching car data...
2025-04-07 22:40:20,396 INFO:Parsing car data...
2025-04-07 22:40:21,771 INFO:Data has been written to cache!
2025-04-07 22:40:21,771 INFO:No cached data found for position_data. Loading data...
2025-04-07 22:40:21,771 INFO:Fetching position data...
2025-04-07 22:40:23,379 INFO:Parsing position data...
2025-04-07 22:40:24,339 INFO:Data has been written to cache!
2025-04-07 22:40:24,719 INFO:No cached data found for weather_data. Loading data...
2025-04-07 22:40:24,719 INFO:Fetching weather data...
2025-04-07 22:40:25,210 INFO:Data has been written to cache!
2025-04-07 22:40:25,211 INFO:No cached data found for race_control_messages. Loading data...
2025-04-07 22:40:25,211 INFO:Fetching race control messages...
2025-04-07 22:40:25,747 INFO:Data has been written to cache!
2025-04-07 22:40:25,750 WARNING:Driver 44 completed the race distance 00:00.126000 before the recorded end of the session.
2025-04-07 22:40:25,771 INFO:Finished loading data for 20 drivers: ['44', '77', '16', '33', '5', '55', '7', '27', '4', '10', '3', '11', '18', '26', '23', '99', '20', '88', '63', '8']
2025-04-07 22:40:25,772 WARNING:Error in Round 8 - LeCastellet: unsupported operand type(s) for &: 'TimedeltaArray' and 'TimedeltaArray'
2025-04-07 22:40:59,085 WARNING:No sprint data found.
2025-04-07 22:40:59,106 INFO:Loading data for Austrian Grand Prix - Race [v3.5.3]
2025-04-07 22:40:59,107 INFO:No cached data found for session_info. Loading data...
2025-04-07 22:40:59,107 INFO:Fetching session info data...
2025-04-07 22:40:59,658 INFO:Data has been written to cache!
2025-04-07 22:40:59,658 INFO:No cached data found for driver_info. Loading data...
2025-04-07 22:40:59,658 INFO:Fetching driver list...
2025-04-07 22:41:00,184 INFO:Data has been written to cache!
2025-04-07 22:41:00,899 INFO:No cached data found for session_status_data. Loading data...
2025-04-07 22:41:00,899 INFO:Fetching session status data...
2025-04-07 22:41:01,355 INFO:Data has been written to cache!
2025-04-07 22:41:01,356 INFO:No cached data found for lap_count. Loading data...
2025-04-07 22:41:01,356 INFO:Fetching lap count data...
2025-04-07 22:41:01,817 INFO:Data has been written to cache!
2025-04-07 22:41:01,818 INFO:No cached data found for track_status_data. Loading data...
2025-04-07 22:41:01,818 INFO:Fetching track status data...
2025-04-07 22:41:02,277 INFO:Data has been written to cache!
2025-04-07 22:41:02,278 INFO:No cached data found for _extended_timing_data. Loading data...
2025-04-07 22:41:02,278 INFO:Fetching timing data...
2025-04-07 22:41:03,353 INFO:Parsing timing data...
2025-04-07 22:41:03,636 INFO:Data has been written to cache!
2025-04-07 22:41:03,636 INFO:No cached data found for timing_app_data. Loading data...
2025-04-07 22:41:03,636 INFO:Fetching timing app data...
2025-04-07 22:41:04,432 INFO:Data has been written to cache!
2025-04-07 22:41:04,432 INFO:Processing timing data...
2025-04-07 22:41:05,416 INFO:No cached data found for car_data. Loading data...
2025-04-07 22:41:05,416 INFO:Fetching car data...
2025-04-07 22:41:07,690 INFO:Parsing car data...
2025-04-07 22:41:09,024 INFO:Data has been written to cache!
2025-04-07 22:41:09,024 INFO:No cached data found for position_data. Loading data...
2025-04-07 22:41:09,024 INFO:Fetching position data...
2025-04-07 22:41:10,322 INFO:Parsing position data...
2025-04-07 22:41:11,254 INFO:Data has been written to cache!
2025-04-07 22:41:11,626 INFO:No cached data found for weather_data. Loading data...
2025-04-07 22:41:11,626 INFO:Fetching weather data...
2025-04-07 22:41:12,203 INFO:Data has been written to cache!
2025-04-07 22:41:12,203 INFO:No cached data found for race_control_messages. Loading data...
2025-04-07 22:41:12,203 INFO:Fetching race control messages...
2025-04-07 22:41:12,730 INFO:Data has been written to cache!
2025-04-07 22:41:12,732 WARNING:Driver 33 completed the race distance 00:00.042000 before the recorded end of the session.
2025-04-07 22:41:12,753 INFO:Finished loading data for 20 drivers: ['33', '16', '77', '5', '44', '4', '10', '55', '7', '99', '11', '3', '27', '18', '23', '8', '26', '63', '20', '88']
2025-04-07 22:41:12,753 WARNING:Error in Round 9 - Spielberg: unsupported operand type(s) for &: 'TimedeltaArray' and 'TimedeltaArray'
2025-04-07 22:41:46,594 WARNING:No sprint data found.
2025-04-07 22:41:46,616 INFO:Loading data for British Grand Prix - Race [v3.5.3]
2025-04-07 22:41:46,617 INFO:No cached data found for session_info. Loading data...
2025-04-07 22:41:46,617 INFO:Fetching session info data...
2025-04-07 22:41:47,185 INFO:Data has been written to cache!
2025-04-07 22:41:47,185 INFO:No cached data found for driver_info. Loading data...
2025-04-07 22:41:47,185 INFO:Fetching driver list...
2025-04-07 22:41:47,716 INFO:Data has been written to cache!
2025-04-07 22:41:48,245 INFO:No cached data found for session_status_data. Loading data...
2025-04-07 22:41:48,245 INFO:Fetching session status data...
2025-04-07 22:41:48,752 INFO:Data has been written to cache!
2025-04-07 22:41:48,753 INFO:No cached data found for lap_count. Loading data...
2025-04-07 22:41:48,753 INFO:Fetching lap count data...
2025-04-07 22:41:49,278 INFO:Data has been written to cache!
2025-04-07 22:41:49,278 INFO:No cached data found for track_status_data. Loading data...
2025-04-07 22:41:49,278 INFO:Fetching track status data...
2025-04-07 22:41:49,796 INFO:Data has been written to cache!
2025-04-07 22:41:49,798 INFO:No cached data found for _extended_timing_data. Loading data...
2025-04-07 22:41:49,798 INFO:Fetching timing data...
2025-04-07 22:41:51,101 INFO:Parsing timing data...
2025-04-07 22:41:51,309 DEBUG:Failed to parse timedelta string '1 L'
Traceback (most recent call last):
  File "/opt/miniconda3/envs/F1Fantasy/lib/python3.13/site-packages/fastf1/utils.py", line 169, in to_timedelta
    seconds=int(seconds), microseconds=int(msus)
            ~~~^^^^^^^^^
ValueError: invalid literal for int() with base 10: '1 L'
2025-04-07 22:41:51,325 DEBUG:Failed to parse timedelta string '1 L'
Traceback (most recent call last):
  File "/opt/miniconda3/envs/F1Fantasy/lib/python3.13/site-packages/fastf1/utils.py", line 169, in to_timedelta
    seconds=int(seconds), microseconds=int(msus)
            ~~~^^^^^^^^^
ValueError: invalid literal for int() with base 10: '1 L'
2025-04-07 22:41:51,339 DEBUG:Failed to parse timedelta string '1 L'
Traceback (most recent call last):
  File "/opt/miniconda3/envs/F1Fantasy/lib/python3.13/site-packages/fastf1/utils.py", line 169, in to_timedelta
    seconds=int(seconds), microseconds=int(msus)
            ~~~^^^^^^^^^
ValueError: invalid literal for int() with base 10: '1 L'
2025-04-07 22:41:51,371 WARNING:Failed to align laps for drivers: ['20']
2025-04-07 22:41:51,389 INFO:Data has been written to cache!
2025-04-07 22:41:51,389 INFO:No cached data found for timing_app_data. Loading data...
2025-04-07 22:41:51,389 INFO:Fetching timing app data...
2025-04-07 22:41:51,938 INFO:Data has been written to cache!
2025-04-07 22:41:51,938 INFO:Processing timing data...
2025-04-07 22:41:52,887 INFO:No cached data found for car_data. Loading data...
2025-04-07 22:41:52,887 INFO:Fetching car data...
2025-04-07 22:41:54,659 INFO:Parsing car data...
2025-04-07 22:41:56,019 INFO:Data has been written to cache!
2025-04-07 22:41:56,019 INFO:No cached data found for position_data. Loading data...
2025-04-07 22:41:56,019 INFO:Fetching position data...
2025-04-07 22:41:58,142 INFO:Parsing position data...
2025-04-07 22:41:59,065 INFO:Data has been written to cache!
2025-04-07 22:41:59,427 INFO:No cached data found for weather_data. Loading data...
2025-04-07 22:41:59,428 INFO:Fetching weather data...
2025-04-07 22:41:59,930 INFO:Data has been written to cache!
2025-04-07 22:41:59,931 INFO:No cached data found for race_control_messages. Loading data...
2025-04-07 22:41:59,931 INFO:Fetching race control messages...
2025-04-07 22:42:00,460 INFO:Data has been written to cache!
2025-04-07 22:42:00,462 WARNING:Driver 44 completed the race distance 00:00.042000 before the recorded end of the session.
2025-04-07 22:42:00,489 INFO:Finished loading data for 20 drivers: ['44', '77', '16', '10', '33', '55', '3', '7', '26', '27', '4', '23', '18', '63', '88', '5', '11', '99', '8', '20']
2025-04-07 22:42:00,490 WARNING:Error in Round 10 - Silverstone: unsupported operand type(s) for &: 'TimedeltaArray' and 'TimedeltaArray'
2025-04-07 22:42:34,730 WARNING:No sprint data found.
2025-04-07 22:42:34,751 INFO:Loading data for German Grand Prix - Race [v3.5.3]
2025-04-07 22:42:34,751 INFO:No cached data found for session_info. Loading data...
2025-04-07 22:42:34,751 INFO:Fetching session info data...
2025-04-07 22:42:35,267 INFO:Data has been written to cache!
2025-04-07 22:42:35,267 INFO:No cached data found for driver_info. Loading data...
2025-04-07 22:42:35,267 INFO:Fetching driver list...
2025-04-07 22:42:35,749 INFO:Data has been written to cache!
2025-04-07 22:42:36,221 INFO:No cached data found for session_status_data. Loading data...
2025-04-07 22:42:36,221 INFO:Fetching session status data...
2025-04-07 22:42:36,679 INFO:Data has been written to cache!
2025-04-07 22:42:36,680 INFO:No cached data found for lap_count. Loading data...
2025-04-07 22:42:36,681 INFO:Fetching lap count data...
2025-04-07 22:42:37,160 INFO:Data has been written to cache!
2025-04-07 22:42:37,160 INFO:No cached data found for track_status_data. Loading data...
2025-04-07 22:42:37,160 INFO:Fetching track status data...
2025-04-07 22:42:37,745 INFO:Data has been written to cache!
2025-04-07 22:42:37,746 INFO:No cached data found for _extended_timing_data. Loading data...
2025-04-07 22:42:37,746 INFO:Fetching timing data...
2025-04-07 22:42:38,804 INFO:Parsing timing data...
2025-04-07 22:42:39,035 WARNING:Failed to align laps for drivers: ['11']
2025-04-07 22:42:39,055 INFO:Data has been written to cache!
2025-04-07 22:42:39,055 INFO:No cached data found for timing_app_data. Loading data...
2025-04-07 22:42:39,055 INFO:Fetching timing app data...
2025-04-07 22:42:39,903 INFO:Data has been written to cache!
2025-04-07 22:42:39,903 INFO:Processing timing data...
2025-04-07 22:42:40,669 INFO:No cached data found for car_data. Loading data...
2025-04-07 22:42:40,669 INFO:Fetching car data...
2025-04-07 22:42:42,988 INFO:Parsing car data...
2025-04-07 22:42:44,703 INFO:Data has been written to cache!
2025-04-07 22:42:44,703 INFO:No cached data found for position_data. Loading data...
2025-04-07 22:42:44,703 INFO:Fetching position data...
2025-04-07 22:42:46,688 INFO:Parsing position data...
2025-04-07 22:42:47,878 INFO:Data has been written to cache!
2025-04-07 22:42:48,340 INFO:No cached data found for weather_data. Loading data...
2025-04-07 22:42:48,340 INFO:Fetching weather data...
2025-04-07 22:42:48,821 INFO:Data has been written to cache!
2025-04-07 22:42:48,822 INFO:No cached data found for race_control_messages. Loading data...
2025-04-07 22:42:48,823 INFO:Fetching race control messages...
2025-04-07 22:42:49,345 INFO:Data has been written to cache!
2025-04-07 22:42:49,348 WARNING:Driver 33 completed the race distance 00:00.090000 before the recorded end of the session.
2025-04-07 22:42:49,427 INFO:Finished loading data for 20 drivers: ['33', '5', '26', '18', '55', '23', '8', '20', '44', '88', '63', '7', '99', '10', '77', '27', '16', '4', '3', '11']
2025-04-07 22:42:49,431 INFO:Processed Round 11: Hockenheim
2025-04-07 22:43:23,642 WARNING:No sprint data found.
2025-04-07 22:43:23,665 INFO:Loading data for Hungarian Grand Prix - Race [v3.5.3]
2025-04-07 22:43:23,666 INFO:No cached data found for session_info. Loading data...
2025-04-07 22:43:23,666 INFO:Fetching session info data...
2025-04-07 22:43:24,219 INFO:Data has been written to cache!
2025-04-07 22:43:24,219 INFO:No cached data found for driver_info. Loading data...
2025-04-07 22:43:24,219 INFO:Fetching driver list...
2025-04-07 22:43:24,689 INFO:Data has been written to cache!
2025-04-07 22:43:25,164 INFO:No cached data found for session_status_data. Loading data...
2025-04-07 22:43:25,164 INFO:Fetching session status data...
2025-04-07 22:43:25,679 INFO:Data has been written to cache!
2025-04-07 22:43:25,680 INFO:No cached data found for lap_count. Loading data...
2025-04-07 22:43:25,680 INFO:Fetching lap count data...
2025-04-07 22:43:26,138 INFO:Data has been written to cache!
2025-04-07 22:43:26,139 INFO:No cached data found for track_status_data. Loading data...
2025-04-07 22:43:26,139 INFO:Fetching track status data...
2025-04-07 22:43:26,611 INFO:Data has been written to cache!
2025-04-07 22:43:26,612 INFO:No cached data found for _extended_timing_data. Loading data...
2025-04-07 22:43:26,612 INFO:Fetching timing data...
2025-04-07 22:43:27,919 INFO:Parsing timing data...
2025-04-07 22:43:28,195 INFO:Data has been written to cache!
2025-04-07 22:43:28,195 INFO:No cached data found for timing_app_data. Loading data...
2025-04-07 22:43:28,195 INFO:Fetching timing app data...
2025-04-07 22:43:28,866 INFO:Data has been written to cache!
2025-04-07 22:43:28,866 INFO:Processing timing data...
2025-04-07 22:43:29,666 INFO:No cached data found for car_data. Loading data...
2025-04-07 22:43:29,666 INFO:Fetching car data...
2025-04-07 22:43:31,180 INFO:Parsing car data...
2025-04-07 22:43:32,687 INFO:Data has been written to cache!
2025-04-07 22:43:32,687 INFO:No cached data found for position_data. Loading data...
2025-04-07 22:43:32,687 INFO:Fetching position data...
2025-04-07 22:43:34,804 INFO:Parsing position data...
2025-04-07 22:43:35,854 INFO:Data has been written to cache!
2025-04-07 22:43:36,270 INFO:No cached data found for weather_data. Loading data...
2025-04-07 22:43:36,270 INFO:Fetching weather data...
2025-04-07 22:43:36,766 INFO:Data has been written to cache!
2025-04-07 22:43:36,767 INFO:No cached data found for race_control_messages. Loading data...
2025-04-07 22:43:36,767 INFO:Fetching race control messages...
2025-04-07 22:43:37,258 INFO:Data has been written to cache!
2025-04-07 22:43:37,261 WARNING:Driver 44 completed the race distance 00:00.069000 before the recorded end of the session.
2025-04-07 22:43:37,282 INFO:Finished loading data for 20 drivers: ['44', '33', '5', '16', '55', '10', '7', '77', '4', '23', '11', '27', '20', '3', '26', '63', '18', '99', '88', '8']
2025-04-07 22:43:37,282 WARNING:Error in Round 12 - Budapest: unsupported operand type(s) for &: 'TimedeltaArray' and 'TimedeltaArray'
2025-04-07 22:44:10,402 WARNING:No sprint data found.
2025-04-07 22:44:10,424 INFO:Loading data for Belgian Grand Prix - Race [v3.5.3]
2025-04-07 22:44:10,424 INFO:No cached data found for session_info. Loading data...
2025-04-07 22:44:10,424 INFO:Fetching session info data...
2025-04-07 22:44:11,014 INFO:Data has been written to cache!
2025-04-07 22:44:11,014 INFO:No cached data found for driver_info. Loading data...
2025-04-07 22:44:11,014 INFO:Fetching driver list...
2025-04-07 22:44:11,489 INFO:Data has been written to cache!
2025-04-07 22:44:11,967 INFO:No cached data found for session_status_data. Loading data...
2025-04-07 22:44:11,967 INFO:Fetching session status data...
2025-04-07 22:44:12,471 INFO:Data has been written to cache!
2025-04-07 22:44:12,472 INFO:No cached data found for lap_count. Loading data...
2025-04-07 22:44:12,472 INFO:Fetching lap count data...
2025-04-07 22:44:12,994 INFO:Data has been written to cache!
2025-04-07 22:44:12,995 INFO:No cached data found for track_status_data. Loading data...
2025-04-07 22:44:12,995 INFO:Fetching track status data...
2025-04-07 22:44:13,519 INFO:Data has been written to cache!
2025-04-07 22:44:13,520 INFO:No cached data found for _extended_timing_data. Loading data...
2025-04-07 22:44:13,520 INFO:Fetching timing data...
2025-04-07 22:44:14,465 INFO:Parsing timing data...
2025-04-07 22:44:14,668 WARNING:Failed to align laps for drivers: ['55']
2025-04-07 22:44:14,684 INFO:Data has been written to cache!
2025-04-07 22:44:14,684 INFO:No cached data found for timing_app_data. Loading data...
2025-04-07 22:44:14,684 INFO:Fetching timing app data...
2025-04-07 22:44:15,198 INFO:Data has been written to cache!
2025-04-07 22:44:15,198 INFO:Processing timing data...
2025-04-07 22:44:15,930 INFO:No cached data found for car_data. Loading data...
2025-04-07 22:44:15,930 INFO:Fetching car data...
2025-04-07 22:44:18,497 INFO:Parsing car data...
2025-04-07 22:44:19,815 INFO:Data has been written to cache!
2025-04-07 22:44:19,816 INFO:No cached data found for position_data. Loading data...
2025-04-07 22:44:19,816 INFO:Fetching position data...
2025-04-07 22:44:21,836 INFO:Parsing position data...
2025-04-07 22:44:22,786 INFO:Data has been written to cache!
2025-04-07 22:44:23,155 INFO:No cached data found for weather_data. Loading data...
2025-04-07 22:44:23,156 INFO:Fetching weather data...
2025-04-07 22:44:23,661 INFO:Data has been written to cache!
2025-04-07 22:44:23,662 INFO:No cached data found for race_control_messages. Loading data...
2025-04-07 22:44:23,662 INFO:Fetching race control messages...
2025-04-07 22:44:24,187 INFO:Data has been written to cache!
2025-04-07 22:44:24,190 WARNING:Driver 16 completed the race distance 00:00.211000 before the recorded end of the session.
2025-04-07 22:44:24,225 INFO:Finished loading data for 20 drivers: ['16', '44', '77', '5', '23', '11', '26', '27', '10', '18', '4', '20', '8', '3', '63', '7', '88', '99', '55', '33']
2025-04-07 22:44:24,230 INFO:Processed Round 13: Spa-Francorchamps
2025-04-07 22:44:57,793 WARNING:No sprint data found.
2025-04-07 22:44:57,817 INFO:Loading data for Italian Grand Prix - Race [v3.5.3]
2025-04-07 22:44:57,818 INFO:No cached data found for session_info. Loading data...
2025-04-07 22:44:57,818 INFO:Fetching session info data...
2025-04-07 22:44:58,433 INFO:Data has been written to cache!
2025-04-07 22:44:58,434 INFO:No cached data found for driver_info. Loading data...
2025-04-07 22:44:58,434 INFO:Fetching driver list...
2025-04-07 22:44:58,959 INFO:Data has been written to cache!
2025-04-07 22:44:59,328 INFO:No cached data found for session_status_data. Loading data...
2025-04-07 22:44:59,328 INFO:Fetching session status data...
2025-04-07 22:44:59,789 INFO:Data has been written to cache!
2025-04-07 22:44:59,790 INFO:No cached data found for lap_count. Loading data...
2025-04-07 22:44:59,790 INFO:Fetching lap count data...
2025-04-07 22:45:00,275 INFO:Data has been written to cache!
2025-04-07 22:45:00,275 INFO:No cached data found for track_status_data. Loading data...
2025-04-07 22:45:00,275 INFO:Fetching track status data...
2025-04-07 22:45:00,795 INFO:Data has been written to cache!
2025-04-07 22:45:00,796 INFO:No cached data found for _extended_timing_data. Loading data...
2025-04-07 22:45:00,796 INFO:Fetching timing data...
2025-04-07 22:45:03,454 INFO:Parsing timing data...
2025-04-07 22:45:03,703 INFO:Data has been written to cache!
2025-04-07 22:45:03,703 INFO:No cached data found for timing_app_data. Loading data...
2025-04-07 22:45:03,703 INFO:Fetching timing app data...
2025-04-07 22:45:04,220 INFO:Data has been written to cache!
2025-04-07 22:45:04,220 INFO:Processing timing data...
2025-04-07 22:45:05,032 INFO:No cached data found for car_data. Loading data...
2025-04-07 22:45:05,033 INFO:Fetching car data...
2025-04-07 22:45:07,286 INFO:Parsing car data...
2025-04-07 22:45:08,509 INFO:Data has been written to cache!
2025-04-07 22:45:08,509 INFO:No cached data found for position_data. Loading data...
2025-04-07 22:45:08,509 INFO:Fetching position data...
2025-04-07 22:45:10,560 INFO:Parsing position data...
2025-04-07 22:45:11,460 INFO:Data has been written to cache!
2025-04-07 22:45:11,811 INFO:No cached data found for weather_data. Loading data...
2025-04-07 22:45:11,811 INFO:Fetching weather data...
2025-04-07 22:45:12,305 INFO:Data has been written to cache!
2025-04-07 22:45:12,306 INFO:No cached data found for race_control_messages. Loading data...
2025-04-07 22:45:12,306 INFO:Fetching race control messages...
2025-04-07 22:45:12,846 INFO:Data has been written to cache!
2025-04-07 22:45:12,849 WARNING:Driver 16 completed the race distance 00:00.092000 before the recorded end of the session.
2025-04-07 22:45:12,877 INFO:Finished loading data for 20 drivers: ['16', '77', '44', '3', '27', '23', '11', '33', '99', '4', '10', '18', '5', '63', '7', '8', '88', '20', '26', '55']
2025-04-07 22:45:12,877 WARNING:Error in Round 14 - Monza: unsupported operand type(s) for &: 'TimedeltaArray' and 'TimedeltaArray'
2025-04-07 22:45:45,556 WARNING:No sprint data found.
2025-04-07 22:45:45,758 INFO:Loading data for Singapore Grand Prix - Race [v3.5.3]
2025-04-07 22:45:45,759 INFO:No cached data found for session_info. Loading data...
2025-04-07 22:45:45,759 INFO:Fetching session info data...
2025-04-07 22:45:46,378 INFO:Data has been written to cache!
2025-04-07 22:45:46,378 INFO:No cached data found for driver_info. Loading data...
2025-04-07 22:45:46,378 INFO:Fetching driver list...
2025-04-07 22:45:46,908 INFO:Data has been written to cache!
2025-04-07 22:45:47,417 INFO:No cached data found for session_status_data. Loading data...
2025-04-07 22:45:47,418 INFO:Fetching session status data...
2025-04-07 22:45:47,942 INFO:Data has been written to cache!
2025-04-07 22:45:47,943 INFO:No cached data found for lap_count. Loading data...
2025-04-07 22:45:47,943 INFO:Fetching lap count data...
2025-04-07 22:45:48,466 INFO:Data has been written to cache!
2025-04-07 22:45:48,466 INFO:No cached data found for track_status_data. Loading data...
2025-04-07 22:45:48,466 INFO:Fetching track status data...
2025-04-07 22:45:48,989 INFO:Data has been written to cache!
2025-04-07 22:45:48,991 INFO:No cached data found for _extended_timing_data. Loading data...
2025-04-07 22:45:48,991 INFO:Fetching timing data...
2025-04-07 22:45:50,076 INFO:Parsing timing data...
2025-04-07 22:45:50,331 DEBUG:Failed to parse timedelta string '1 L'
Traceback (most recent call last):
  File "/opt/miniconda3/envs/F1Fantasy/lib/python3.13/site-packages/fastf1/utils.py", line 169, in to_timedelta
    seconds=int(seconds), microseconds=int(msus)
            ~~~^^^^^^^^^
ValueError: invalid literal for int() with base 10: '1 L'
2025-04-07 22:45:50,351 DEBUG:Failed to parse timedelta string '1 L'
Traceback (most recent call last):
  File "/opt/miniconda3/envs/F1Fantasy/lib/python3.13/site-packages/fastf1/utils.py", line 169, in to_timedelta
    seconds=int(seconds), microseconds=int(msus)
            ~~~^^^^^^^^^
ValueError: invalid literal for int() with base 10: '1 L'
2025-04-07 22:45:50,371 DEBUG:Failed to parse timedelta string '1 L'
Traceback (most recent call last):
  File "/opt/miniconda3/envs/F1Fantasy/lib/python3.13/site-packages/fastf1/utils.py", line 169, in to_timedelta
    seconds=int(seconds), microseconds=int(msus)
            ~~~^^^^^^^^^
ValueError: invalid literal for int() with base 10: '1 L'
2025-04-07 22:45:50,386 DEBUG:Failed to parse timedelta string '1 L'
Traceback (most recent call last):
  File "/opt/miniconda3/envs/F1Fantasy/lib/python3.13/site-packages/fastf1/utils.py", line 169, in to_timedelta
    seconds=int(seconds), microseconds=int(msus)
            ~~~^^^^^^^^^
ValueError: invalid literal for int() with base 10: '1 L'
2025-04-07 22:45:50,404 DEBUG:Failed to parse timedelta string '1 L'
Traceback (most recent call last):
  File "/opt/miniconda3/envs/F1Fantasy/lib/python3.13/site-packages/fastf1/utils.py", line 169, in to_timedelta
    seconds=int(seconds), microseconds=int(msus)
            ~~~^^^^^^^^^
ValueError: invalid literal for int() with base 10: '1 L'
2025-04-07 22:45:50,419 DEBUG:Failed to parse timedelta string '1 L'
Traceback (most recent call last):
  File "/opt/miniconda3/envs/F1Fantasy/lib/python3.13/site-packages/fastf1/utils.py", line 169, in to_timedelta
    seconds=int(seconds), microseconds=int(msus)
            ~~~^^^^^^^^^
ValueError: invalid literal for int() with base 10: '1 L'
2025-04-07 22:45:50,435 DEBUG:Failed to parse timedelta string '1 L'
Traceback (most recent call last):
  File "/opt/miniconda3/envs/F1Fantasy/lib/python3.13/site-packages/fastf1/utils.py", line 169, in to_timedelta
    seconds=int(seconds), microseconds=int(msus)
            ~~~^^^^^^^^^
ValueError: invalid literal for int() with base 10: '1 L'
2025-04-07 22:45:50,450 DEBUG:Failed to parse timedelta string '1 L'
Traceback (most recent call last):
  File "/opt/miniconda3/envs/F1Fantasy/lib/python3.13/site-packages/fastf1/utils.py", line 169, in to_timedelta
    seconds=int(seconds), microseconds=int(msus)
            ~~~^^^^^^^^^
ValueError: invalid literal for int() with base 10: '1 L'
2025-04-07 22:45:50,466 DEBUG:Failed to parse timedelta string '1 L'
Traceback (most recent call last):
  File "/opt/miniconda3/envs/F1Fantasy/lib/python3.13/site-packages/fastf1/utils.py", line 169, in to_timedelta
    seconds=int(seconds), microseconds=int(msus)
            ~~~^^^^^^^^^
ValueError: invalid literal for int() with base 10: '1 L'
2025-04-07 22:45:50,481 DEBUG:Failed to parse timedelta string '1 L'
Traceback (most recent call last):
  File "/opt/miniconda3/envs/F1Fantasy/lib/python3.13/site-packages/fastf1/utils.py", line 169, in to_timedelta
    seconds=int(seconds), microseconds=int(msus)
            ~~~^^^^^^^^^
ValueError: invalid literal for int() with base 10: '1 L'
2025-04-07 22:45:50,495 DEBUG:Failed to parse timedelta string '1 L'
Traceback (most recent call last):
  File "/opt/miniconda3/envs/F1Fantasy/lib/python3.13/site-packages/fastf1/utils.py", line 169, in to_timedelta
    seconds=int(seconds), microseconds=int(msus)
            ~~~^^^^^^^^^
ValueError: invalid literal for int() with base 10: '1 L'
2025-04-07 22:45:50,509 DEBUG:Failed to parse timedelta string '1 L'
Traceback (most recent call last):
  File "/opt/miniconda3/envs/F1Fantasy/lib/python3.13/site-packages/fastf1/utils.py", line 169, in to_timedelta
    seconds=int(seconds), microseconds=int(msus)
            ~~~^^^^^^^^^
ValueError: invalid literal for int() with base 10: '1 L'
2025-04-07 22:45:50,524 DEBUG:Failed to parse timedelta string '1 L'
Traceback (most recent call last):
  File "/opt/miniconda3/envs/F1Fantasy/lib/python3.13/site-packages/fastf1/utils.py", line 169, in to_timedelta
    seconds=int(seconds), microseconds=int(msus)
            ~~~^^^^^^^^^
ValueError: invalid literal for int() with base 10: '1 L'
2025-04-07 22:45:50,538 DEBUG:Failed to parse timedelta string '1 L'
Traceback (most recent call last):
  File "/opt/miniconda3/envs/F1Fantasy/lib/python3.13/site-packages/fastf1/utils.py", line 169, in to_timedelta
    seconds=int(seconds), microseconds=int(msus)
            ~~~^^^^^^^^^
ValueError: invalid literal for int() with base 10: '1 L'
2025-04-07 22:45:50,558 DEBUG:Failed to parse timedelta string '1 L'
Traceback (most recent call last):
  File "/opt/miniconda3/envs/F1Fantasy/lib/python3.13/site-packages/fastf1/utils.py", line 169, in to_timedelta
    seconds=int(seconds), microseconds=int(msus)
            ~~~^^^^^^^^^
ValueError: invalid literal for int() with base 10: '1 L'
2025-04-07 22:45:50,578 DEBUG:Failed to parse timedelta string '1 L'
Traceback (most recent call last):
  File "/opt/miniconda3/envs/F1Fantasy/lib/python3.13/site-packages/fastf1/utils.py", line 169, in to_timedelta
    seconds=int(seconds), microseconds=int(msus)
            ~~~^^^^^^^^^
ValueError: invalid literal for int() with base 10: '1 L'
2025-04-07 22:45:50,593 DEBUG:Failed to parse timedelta string '1 L'
Traceback (most recent call last):
  File "/opt/miniconda3/envs/F1Fantasy/lib/python3.13/site-packages/fastf1/utils.py", line 169, in to_timedelta
    seconds=int(seconds), microseconds=int(msus)
            ~~~^^^^^^^^^
ValueError: invalid literal for int() with base 10: '1 L'
2025-04-07 22:45:50,605 DEBUG:Failed to parse timedelta string '1 L'
Traceback (most recent call last):
  File "/opt/miniconda3/envs/F1Fantasy/lib/python3.13/site-packages/fastf1/utils.py", line 169, in to_timedelta
    seconds=int(seconds), microseconds=int(msus)
            ~~~^^^^^^^^^
ValueError: invalid literal for int() with base 10: '1 L'
2025-04-07 22:45:50,618 DEBUG:Failed to parse timedelta string '1 L'
Traceback (most recent call last):
  File "/opt/miniconda3/envs/F1Fantasy/lib/python3.13/site-packages/fastf1/utils.py", line 169, in to_timedelta
    seconds=int(seconds), microseconds=int(msus)
            ~~~^^^^^^^^^
ValueError: invalid literal for int() with base 10: '1 L'
2025-04-07 22:45:50,633 DEBUG:Failed to parse timedelta string '1 L'
Traceback (most recent call last):
  File "/opt/miniconda3/envs/F1Fantasy/lib/python3.13/site-packages/fastf1/utils.py", line 169, in to_timedelta
    seconds=int(seconds), microseconds=int(msus)
            ~~~^^^^^^^^^
ValueError: invalid literal for int() with base 10: '1 L'
2025-04-07 22:45:50,647 DEBUG:Failed to parse timedelta string '1 L'
Traceback (most recent call last):
  File "/opt/miniconda3/envs/F1Fantasy/lib/python3.13/site-packages/fastf1/utils.py", line 169, in to_timedelta
    seconds=int(seconds), microseconds=int(msus)
            ~~~^^^^^^^^^
ValueError: invalid literal for int() with base 10: '1 L'
2025-04-07 22:45:50,662 DEBUG:Failed to parse timedelta string '1 L'
Traceback (most recent call last):
  File "/opt/miniconda3/envs/F1Fantasy/lib/python3.13/site-packages/fastf1/utils.py", line 169, in to_timedelta
    seconds=int(seconds), microseconds=int(msus)
            ~~~^^^^^^^^^
ValueError: invalid literal for int() with base 10: '1 L'
2025-04-07 22:45:50,678 DEBUG:Failed to parse timedelta string '1 L'
Traceback (most recent call last):
  File "/opt/miniconda3/envs/F1Fantasy/lib/python3.13/site-packages/fastf1/utils.py", line 169, in to_timedelta
    seconds=int(seconds), microseconds=int(msus)
            ~~~^^^^^^^^^
ValueError: invalid literal for int() with base 10: '1 L'
2025-04-07 22:45:50,693 DEBUG:Failed to parse timedelta string '1 L'
Traceback (most recent call last):
  File "/opt/miniconda3/envs/F1Fantasy/lib/python3.13/site-packages/fastf1/utils.py", line 169, in to_timedelta
    seconds=int(seconds), microseconds=int(msus)
            ~~~^^^^^^^^^
ValueError: invalid literal for int() with base 10: '1 L'
2025-04-07 22:45:50,707 DEBUG:Failed to parse timedelta string '1 L'
Traceback (most recent call last):
  File "/opt/miniconda3/envs/F1Fantasy/lib/python3.13/site-packages/fastf1/utils.py", line 169, in to_timedelta
    seconds=int(seconds), microseconds=int(msus)
            ~~~^^^^^^^^^
ValueError: invalid literal for int() with base 10: '1 L'
2025-04-07 22:45:50,723 DEBUG:Failed to parse timedelta string '1 L'
Traceback (most recent call last):
  File "/opt/miniconda3/envs/F1Fantasy/lib/python3.13/site-packages/fastf1/utils.py", line 169, in to_timedelta
    seconds=int(seconds), microseconds=int(msus)
            ~~~^^^^^^^^^
ValueError: invalid literal for int() with base 10: '1 L'
2025-04-07 22:45:50,740 DEBUG:Failed to parse timedelta string '1 L'
Traceback (most recent call last):
  File "/opt/miniconda3/envs/F1Fantasy/lib/python3.13/site-packages/fastf1/utils.py", line 169, in to_timedelta
    seconds=int(seconds), microseconds=int(msus)
            ~~~^^^^^^^^^
ValueError: invalid literal for int() with base 10: '1 L'
2025-04-07 22:45:50,755 DEBUG:Failed to parse timedelta string '1 L'
Traceback (most recent call last):
  File "/opt/miniconda3/envs/F1Fantasy/lib/python3.13/site-packages/fastf1/utils.py", line 169, in to_timedelta
    seconds=int(seconds), microseconds=int(msus)
            ~~~^^^^^^^^^
ValueError: invalid literal for int() with base 10: '1 L'
2025-04-07 22:45:50,770 DEBUG:Failed to parse timedelta string '1 L'
Traceback (most recent call last):
  File "/opt/miniconda3/envs/F1Fantasy/lib/python3.13/site-packages/fastf1/utils.py", line 169, in to_timedelta
    seconds=int(seconds), microseconds=int(msus)
            ~~~^^^^^^^^^
ValueError: invalid literal for int() with base 10: '1 L'
2025-04-07 22:45:50,785 DEBUG:Failed to parse timedelta string '1 L'
Traceback (most recent call last):
  File "/opt/miniconda3/envs/F1Fantasy/lib/python3.13/site-packages/fastf1/utils.py", line 169, in to_timedelta
    seconds=int(seconds), microseconds=int(msus)
            ~~~^^^^^^^^^
ValueError: invalid literal for int() with base 10: '1 L'
2025-04-07 22:45:50,799 DEBUG:Failed to parse timedelta string '1 L'
Traceback (most recent call last):
  File "/opt/miniconda3/envs/F1Fantasy/lib/python3.13/site-packages/fastf1/utils.py", line 169, in to_timedelta
    seconds=int(seconds), microseconds=int(msus)
            ~~~^^^^^^^^^
ValueError: invalid literal for int() with base 10: '1 L'
2025-04-07 22:45:50,813 DEBUG:Failed to parse timedelta string '1 L'
Traceback (most recent call last):
  File "/opt/miniconda3/envs/F1Fantasy/lib/python3.13/site-packages/fastf1/utils.py", line 169, in to_timedelta
    seconds=int(seconds), microseconds=int(msus)
            ~~~^^^^^^^^^
ValueError: invalid literal for int() with base 10: '1 L'
2025-04-07 22:45:50,837 WARNING:Failed to align laps for drivers: ['55']
2025-04-07 22:45:50,861 INFO:Data has been written to cache!
2025-04-07 22:45:50,861 INFO:No cached data found for timing_app_data. Loading data...
2025-04-07 22:45:50,861 INFO:Fetching timing app data...
2025-04-07 22:45:51,430 INFO:Data has been written to cache!
2025-04-07 22:45:51,430 INFO:Processing timing data...
2025-04-07 22:45:51,730 WARNING:Driver 18: Lap timing integrity check failed for 1 lap(s)
2025-04-07 22:45:52,228 INFO:No cached data found for car_data. Loading data...
2025-04-07 22:45:52,228 INFO:Fetching car data...
2025-04-07 22:45:54,319 INFO:Parsing car data...
2025-04-07 22:45:56,024 INFO:Data has been written to cache!
2025-04-07 22:45:56,024 INFO:No cached data found for position_data. Loading data...
2025-04-07 22:45:56,024 INFO:Fetching position data...
2025-04-07 22:45:57,767 INFO:Parsing position data...
2025-04-07 22:45:58,999 INFO:Data has been written to cache!
2025-04-07 22:45:59,467 INFO:No cached data found for weather_data. Loading data...
2025-04-07 22:45:59,467 INFO:Fetching weather data...
2025-04-07 22:45:59,968 INFO:Data has been written to cache!
2025-04-07 22:45:59,969 INFO:No cached data found for race_control_messages. Loading data...
2025-04-07 22:45:59,969 INFO:Fetching race control messages...
2025-04-07 22:46:00,441 INFO:Data has been written to cache!
2025-04-07 22:46:00,444 WARNING:Driver 5 completed the race distance 00:00.171000 before the recorded end of the session.
2025-04-07 22:46:00,487 INFO:Finished loading data for 20 drivers: ['5', '16', '33', '44', '77', '23', '4', '10', '27', '99', '8', '55', '18', '3', '26', '88', '20', '7', '11', '63']
2025-04-07 22:46:00,488 WARNING:Error in Round 15 - Singapore: unsupported operand type(s) for &: 'TimedeltaArray' and 'TimedeltaArray'
2025-04-07 22:46:35,457 WARNING:No sprint data found.
2025-04-07 22:46:35,480 INFO:Loading data for Russian Grand Prix - Race [v3.5.3]
2025-04-07 22:46:35,480 INFO:No cached data found for session_info. Loading data...
2025-04-07 22:46:35,480 INFO:Fetching session info data...
2025-04-07 22:46:35,990 INFO:Data has been written to cache!
2025-04-07 22:46:35,990 INFO:No cached data found for driver_info. Loading data...
2025-04-07 22:46:35,990 INFO:Fetching driver list...
2025-04-07 22:46:36,558 INFO:Data has been written to cache!
2025-04-07 22:46:37,153 INFO:No cached data found for session_status_data. Loading data...
2025-04-07 22:46:37,153 INFO:Fetching session status data...
2025-04-07 22:46:37,643 INFO:Data has been written to cache!
2025-04-07 22:46:37,644 INFO:No cached data found for lap_count. Loading data...
2025-04-07 22:46:37,644 INFO:Fetching lap count data...
2025-04-07 22:46:38,190 INFO:Data has been written to cache!
2025-04-07 22:46:38,191 INFO:No cached data found for track_status_data. Loading data...
2025-04-07 22:46:38,191 INFO:Fetching track status data...
2025-04-07 22:46:38,706 INFO:Data has been written to cache!
2025-04-07 22:46:38,707 INFO:No cached data found for _extended_timing_data. Loading data...
2025-04-07 22:46:38,707 INFO:Fetching timing data...
2025-04-07 22:46:40,044 INFO:Parsing timing data...
2025-04-07 22:46:40,297 INFO:Data has been written to cache!
2025-04-07 22:46:40,297 INFO:No cached data found for timing_app_data. Loading data...
2025-04-07 22:46:40,297 INFO:Fetching timing app data...
2025-04-07 22:46:40,898 INFO:Data has been written to cache!
2025-04-07 22:46:40,898 INFO:Processing timing data...
2025-04-07 22:46:41,644 INFO:No cached data found for car_data. Loading data...
2025-04-07 22:46:41,644 INFO:Fetching car data...
2025-04-07 22:46:44,821 INFO:Parsing car data...
2025-04-07 22:46:46,278 INFO:Data has been written to cache!
2025-04-07 22:46:46,278 INFO:No cached data found for position_data. Loading data...
2025-04-07 22:46:46,278 INFO:Fetching position data...
2025-04-07 22:46:49,359 INFO:Parsing position data...
2025-04-07 22:46:50,350 INFO:Data has been written to cache!
2025-04-07 22:46:50,765 INFO:No cached data found for weather_data. Loading data...
2025-04-07 22:46:50,766 INFO:Fetching weather data...
2025-04-07 22:46:51,331 INFO:Data has been written to cache!
2025-04-07 22:46:51,332 INFO:No cached data found for race_control_messages. Loading data...
2025-04-07 22:46:51,332 INFO:Fetching race control messages...
2025-04-07 22:46:51,854 INFO:Data has been written to cache!
2025-04-07 22:46:51,856 WARNING:Driver 44 completed the race distance 00:00.308000 before the recorded end of the session.
2025-04-07 22:46:51,875 INFO:Finished loading data for 20 drivers: ['44', '77', '16', '33', '23', '55', '11', '4', '20', '27', '18', '26', '7', '10', '99', '88', '63', '5', '3', '8']
2025-04-07 22:46:51,881 INFO:Processed Round 16: Sochi
2025-04-07 22:47:25,687 WARNING:No sprint data found.
2025-04-07 22:47:25,707 INFO:Loading data for Japanese Grand Prix - Race [v3.5.3]
2025-04-07 22:47:25,708 INFO:No cached data found for session_info. Loading data...
2025-04-07 22:47:25,708 INFO:Fetching session info data...
2025-04-07 22:47:26,335 INFO:Data has been written to cache!
2025-04-07 22:47:26,335 INFO:No cached data found for driver_info. Loading data...
2025-04-07 22:47:26,335 INFO:Fetching driver list...
2025-04-07 22:47:26,820 INFO:Data has been written to cache!
2025-04-07 22:47:27,287 INFO:No cached data found for session_status_data. Loading data...
2025-04-07 22:47:27,287 INFO:Fetching session status data...
2025-04-07 22:47:27,794 INFO:Data has been written to cache!
2025-04-07 22:47:27,795 INFO:No cached data found for lap_count. Loading data...
2025-04-07 22:47:27,795 INFO:Fetching lap count data...
2025-04-07 22:47:28,322 INFO:Data has been written to cache!
2025-04-07 22:47:28,322 INFO:No cached data found for track_status_data. Loading data...
2025-04-07 22:47:28,322 INFO:Fetching track status data...
2025-04-07 22:47:28,839 INFO:Data has been written to cache!
2025-04-07 22:47:28,840 INFO:No cached data found for _extended_timing_data. Loading data...
2025-04-07 22:47:28,840 INFO:Fetching timing data...
2025-04-07 22:47:29,973 INFO:Parsing timing data...
2025-04-07 22:47:29,980 WARNING:Driver  5: Ignoring late data for a previously processed lap.The data may contain errors (previous: 52; current 53)
2025-04-07 22:47:29,991 WARNING:Driver 16: Ignoring late data for a previously processed lap.The data may contain errors (previous: 51; current 52)
2025-04-07 22:47:30,003 WARNING:Driver 77: Ignoring late data for a previously processed lap.The data may contain errors (previous: 52; current 53)
2025-04-07 22:47:30,008 WARNING:Driver 44: Ignoring late data for a previously processed lap.The data may contain errors (previous: 52; current 53)
2025-04-07 22:47:30,020 WARNING:Driver 23: Ignoring late data for a previously processed lap.The data may contain errors (previous: 52; current 53)
2025-04-07 22:47:30,030 WARNING:Driver 55: Ignoring late data for a previously processed lap.The data may contain errors (previous: 52; current 53)
2025-04-07 22:47:30,040 WARNING:Driver  4: Ignoring late data for a previously processed lap.The data may contain errors (previous: 51; current 52)
2025-04-07 22:47:30,050 WARNING:Driver 10: Ignoring late data for a previously processed lap.The data may contain errors (previous: 51; current 52)
2025-04-07 22:47:30,060 WARNING:Driver  8: Ignoring late data for a previously processed lap.The data may contain errors (previous: 51; current 52)
2025-04-07 22:47:30,070 WARNING:Driver 99: Ignoring late data for a previously processed lap.The data may contain errors (previous: 51; current 52)
2025-04-07 22:47:30,080 WARNING:Driver 18: Ignoring late data for a previously processed lap.The data may contain errors (previous: 51; current 52)
2025-04-07 22:47:30,090 WARNING:Driver  7: Ignoring late data for a previously processed lap.The data may contain errors (previous: 51; current 52)
2025-04-07 22:47:30,100 WARNING:Driver 26: Ignoring late data for a previously processed lap.The data may contain errors (previous: 51; current 52)
2025-04-07 22:47:30,111 WARNING:Driver 27: Ignoring late data for a previously processed lap.The data may contain errors (previous: 51; current 52)
2025-04-07 22:47:30,121 WARNING:Driver  3: Ignoring late data for a previously processed lap.The data may contain errors (previous: 51; current 52)
2025-04-07 22:47:30,140 WARNING:Driver 63: Ignoring late data for a previously processed lap.The data may contain errors (previous: 50; current 51)
2025-04-07 22:47:30,150 WARNING:Driver 20: Ignoring late data for a previously processed lap.The data may contain errors (previous: 51; current 52)
2025-04-07 22:47:30,160 WARNING:Driver 88: Ignoring late data for a previously processed lap.The data may contain errors (previous: 50; current 51)
2025-04-07 22:47:30,240 INFO:Data has been written to cache!
2025-04-07 22:47:30,240 INFO:No cached data found for timing_app_data. Loading data...
2025-04-07 22:47:30,240 INFO:Fetching timing app data...
2025-04-07 22:47:30,727 INFO:Data has been written to cache!
2025-04-07 22:47:30,727 INFO:Processing timing data...
2025-04-07 22:47:31,492 INFO:No cached data found for car_data. Loading data...
2025-04-07 22:47:31,492 INFO:Fetching car data...
2025-04-07 22:47:33,629 INFO:Parsing car data...
2025-04-07 22:47:34,956 INFO:Data has been written to cache!
2025-04-07 22:47:34,956 INFO:No cached data found for position_data. Loading data...
2025-04-07 22:47:34,956 INFO:Fetching position data...
2025-04-07 22:47:36,594 INFO:Parsing position data...
2025-04-07 22:47:37,569 INFO:Data has been written to cache!
2025-04-07 22:47:37,944 INFO:No cached data found for weather_data. Loading data...
2025-04-07 22:47:37,944 INFO:Fetching weather data...
2025-04-07 22:47:38,463 INFO:Data has been written to cache!
2025-04-07 22:47:38,464 INFO:No cached data found for race_control_messages. Loading data...
2025-04-07 22:47:38,464 INFO:Fetching race control messages...
2025-04-07 22:47:38,930 INFO:Data has been written to cache!
2025-04-07 22:47:38,933 WARNING:Driver 77 completed the race distance 00:00.224000 before the recorded end of the session.
2025-04-07 22:47:38,960 INFO:Finished loading data for 20 drivers: ['77', '5', '44', '23', '55', '16', '10', '11', '18', '26', '4', '7', '8', '99', '20', '63', '88', '33', '3', '27']
2025-04-07 22:47:38,961 WARNING:Error in Round 17 - Suzuka: unsupported operand type(s) for &: 'TimedeltaArray' and 'TimedeltaArray'
2025-04-07 22:48:13,240 WARNING:No sprint data found.
2025-04-07 22:48:13,248 INFO:Loading data for Mexican Grand Prix - Race [v3.5.3]
2025-04-07 22:48:13,248 INFO:No cached data found for session_info. Loading data...
2025-04-07 22:48:13,248 INFO:Fetching session info data...
2025-04-07 22:48:13,697 INFO:Data has been written to cache!
2025-04-07 22:48:13,697 INFO:No cached data found for driver_info. Loading data...
2025-04-07 22:48:13,697 INFO:Fetching driver list...
2025-04-07 22:48:14,175 INFO:Data has been written to cache!
2025-04-07 22:48:14,698 INFO:No cached data found for session_status_data. Loading data...
2025-04-07 22:48:14,698 INFO:Fetching session status data...
2025-04-07 22:48:15,212 INFO:Data has been written to cache!
2025-04-07 22:48:15,212 INFO:No cached data found for lap_count. Loading data...
2025-04-07 22:48:15,212 INFO:Fetching lap count data...
2025-04-07 22:48:15,680 INFO:Data has been written to cache!
2025-04-07 22:48:15,680 INFO:No cached data found for track_status_data. Loading data...
2025-04-07 22:48:15,680 INFO:Fetching track status data...
2025-04-07 22:48:15,875 INFO:Data has been written to cache!
2025-04-07 22:48:15,876 INFO:No cached data found for _extended_timing_data. Loading data...
2025-04-07 22:48:15,876 INFO:Fetching timing data...
2025-04-07 22:48:17,301 INFO:Parsing timing data...
2025-04-07 22:48:17,614 INFO:Data has been written to cache!
2025-04-07 22:48:17,614 INFO:No cached data found for timing_app_data. Loading data...
2025-04-07 22:48:17,614 INFO:Fetching timing app data...
2025-04-07 22:48:18,128 INFO:Data has been written to cache!
2025-04-07 22:48:18,128 INFO:Processing timing data...
2025-04-07 22:48:18,445 WARNING:Driver  5: Lap timing integrity check failed for 1 lap(s)
2025-04-07 22:48:19,549 INFO:No cached data found for car_data. Loading data...
2025-04-07 22:48:19,549 INFO:Fetching car data...
2025-04-07 22:48:21,785 INFO:Parsing car data...
2025-04-07 22:48:23,268 INFO:Data has been written to cache!
2025-04-07 22:48:23,268 INFO:No cached data found for position_data. Loading data...
2025-04-07 22:48:23,268 INFO:Fetching position data...
2025-04-07 22:48:24,765 INFO:Parsing position data...
2025-04-07 22:48:25,852 INFO:Data has been written to cache!
2025-04-07 22:48:26,266 INFO:No cached data found for weather_data. Loading data...
2025-04-07 22:48:26,266 INFO:Fetching weather data...
2025-04-07 22:48:26,818 INFO:Data has been written to cache!
2025-04-07 22:48:26,820 INFO:No cached data found for race_control_messages. Loading data...
2025-04-07 22:48:26,820 INFO:Fetching race control messages...
2025-04-07 22:48:27,347 INFO:Data has been written to cache!
2025-04-07 22:48:27,350 WARNING:Driver 44 completed the race distance 00:00.798000 before the recorded end of the session.
2025-04-07 22:48:27,381 INFO:Finished loading data for 20 drivers: ['44', '5', '77', '16', '23', '33', '11', '3', '10', '27', '26', '18', '55', '99', '20', '63', '8', '88', '7', '4']
2025-04-07 22:48:27,381 WARNING:Error in Round 18 - Mexico City: unsupported operand type(s) for &: 'TimedeltaArray' and 'TimedeltaArray'
2025-04-07 22:49:00,592 WARNING:No sprint data found.
2025-04-07 22:49:00,614 INFO:Loading data for United States Grand Prix - Race [v3.5.3]
2025-04-07 22:49:00,615 INFO:No cached data found for session_info. Loading data...
2025-04-07 22:49:00,615 INFO:Fetching session info data...
2025-04-07 22:49:01,175 INFO:Data has been written to cache!
2025-04-07 22:49:01,175 INFO:No cached data found for driver_info. Loading data...
2025-04-07 22:49:01,175 INFO:Fetching driver list...
2025-04-07 22:49:01,653 INFO:Data has been written to cache!
2025-04-07 22:49:02,138 INFO:No cached data found for session_status_data. Loading data...
2025-04-07 22:49:02,139 INFO:Fetching session status data...
2025-04-07 22:49:02,740 INFO:Data has been written to cache!
2025-04-07 22:49:02,741 INFO:No cached data found for lap_count. Loading data...
2025-04-07 22:49:02,741 INFO:Fetching lap count data...
2025-04-07 22:49:03,219 INFO:Data has been written to cache!
2025-04-07 22:49:03,219 INFO:No cached data found for track_status_data. Loading data...
2025-04-07 22:49:03,219 INFO:Fetching track status data...
2025-04-07 22:49:03,784 INFO:Data has been written to cache!
2025-04-07 22:49:03,785 INFO:No cached data found for _extended_timing_data. Loading data...
2025-04-07 22:49:03,785 INFO:Fetching timing data...
2025-04-07 22:49:04,848 INFO:Parsing timing data...
2025-04-07 22:49:05,091 INFO:Data has been written to cache!
2025-04-07 22:49:05,091 INFO:No cached data found for timing_app_data. Loading data...
2025-04-07 22:49:05,091 INFO:Fetching timing app data...
2025-04-07 22:49:05,611 INFO:Data has been written to cache!
2025-04-07 22:49:05,611 INFO:Processing timing data...
2025-04-07 22:49:05,887 WARNING:Driver  4: Lap timing integrity check failed for 1 lap(s)
2025-04-07 22:49:06,836 INFO:No cached data found for car_data. Loading data...
2025-04-07 22:49:06,836 INFO:Fetching car data...
2025-04-07 22:49:09,231 INFO:Parsing car data...
2025-04-07 22:49:10,703 INFO:Data has been written to cache!
2025-04-07 22:49:10,703 INFO:No cached data found for position_data. Loading data...
2025-04-07 22:49:10,703 INFO:Fetching position data...
2025-04-07 22:49:13,195 INFO:Parsing position data...
2025-04-07 22:49:14,245 INFO:Data has been written to cache!
2025-04-07 22:49:14,661 INFO:No cached data found for weather_data. Loading data...
2025-04-07 22:49:14,661 INFO:Fetching weather data...
2025-04-07 22:49:15,182 INFO:Data has been written to cache!
2025-04-07 22:49:15,183 INFO:No cached data found for race_control_messages. Loading data...
2025-04-07 22:49:15,183 INFO:Fetching race control messages...
2025-04-07 22:49:15,705 INFO:Data has been written to cache!
2025-04-07 22:49:15,708 WARNING:Driver 77 completed the race distance 00:00.080000 before the recorded end of the session.
2025-04-07 22:49:15,741 INFO:Finished loading data for 20 drivers: ['77', '44', '33', '16', '23', '3', '4', '55', '27', '11', '7', '26', '18', '99', '8', '10', '63', '20', '88', '5']
2025-04-07 22:49:15,746 INFO:Processed Round 19: Austin
2025-04-07 22:49:49,478 WARNING:No sprint data found.
2025-04-07 22:49:49,500 INFO:Loading data for Brazilian Grand Prix - Race [v3.5.3]
2025-04-07 22:49:49,501 INFO:No cached data found for session_info. Loading data...
2025-04-07 22:49:49,501 INFO:Fetching session info data...
2025-04-07 22:49:50,058 INFO:Data has been written to cache!
2025-04-07 22:49:50,058 INFO:No cached data found for driver_info. Loading data...
2025-04-07 22:49:50,058 INFO:Fetching driver list...
2025-04-07 22:49:50,589 INFO:Data has been written to cache!
2025-04-07 22:49:51,055 INFO:No cached data found for session_status_data. Loading data...
2025-04-07 22:49:51,055 INFO:Fetching session status data...
2025-04-07 22:49:51,519 INFO:Data has been written to cache!
2025-04-07 22:49:51,520 INFO:No cached data found for lap_count. Loading data...
2025-04-07 22:49:51,521 INFO:Fetching lap count data...
2025-04-07 22:49:52,043 INFO:Data has been written to cache!
2025-04-07 22:49:52,043 INFO:No cached data found for track_status_data. Loading data...
2025-04-07 22:49:52,043 INFO:Fetching track status data...
2025-04-07 22:49:52,565 INFO:Data has been written to cache!
2025-04-07 22:49:52,566 INFO:No cached data found for _extended_timing_data. Loading data...
2025-04-07 22:49:52,566 INFO:Fetching timing data...
2025-04-07 22:49:54,143 INFO:Parsing timing data...
2025-04-07 22:49:54,356 WARNING:Driver 20: Encountered 1 timing integrity error(s) near lap(s): [7].
This might be a bug and should be reported.
2025-04-07 22:49:54,652 INFO:Data has been written to cache!
2025-04-07 22:49:54,652 INFO:No cached data found for timing_app_data. Loading data...
2025-04-07 22:49:54,652 INFO:Fetching timing app data...
2025-04-07 22:49:55,214 INFO:Data has been written to cache!
2025-04-07 22:49:55,214 INFO:Processing timing data...
2025-04-07 22:49:55,546 WARNING:Driver 20: Lap timing integrity check failed for 1 lap(s)
2025-04-07 22:49:56,126 INFO:No cached data found for car_data. Loading data...
2025-04-07 22:49:56,126 INFO:Fetching car data...
2025-04-07 22:49:57,740 INFO:Parsing car data...
2025-04-07 22:49:59,197 INFO:Data has been written to cache!
2025-04-07 22:49:59,197 INFO:No cached data found for position_data. Loading data...
2025-04-07 22:49:59,197 INFO:Fetching position data...
2025-04-07 22:50:00,819 INFO:Parsing position data...
2025-04-07 22:50:01,963 INFO:Data has been written to cache!
2025-04-07 22:50:02,376 INFO:No cached data found for weather_data. Loading data...
2025-04-07 22:50:02,376 INFO:Fetching weather data...
2025-04-07 22:50:02,916 INFO:Data has been written to cache!
2025-04-07 22:50:02,917 INFO:No cached data found for race_control_messages. Loading data...
2025-04-07 22:50:02,917 INFO:Fetching race control messages...
2025-04-07 22:50:03,398 INFO:Data has been written to cache!
2025-04-07 22:50:03,401 WARNING:Driver 33 completed the race distance 00:00.145000 before the recorded end of the session.
2025-04-07 22:50:03,451 INFO:Finished loading data for 20 drivers: ['33', '10', '55', '7', '99', '3', '44', '4', '11', '26', '20', '63', '8', '23', '27', '88', '5', '16', '18', '77']
2025-04-07 22:50:03,451 WARNING:Error in Round 20 - Sao Paulo: unsupported operand type(s) for &: 'TimedeltaArray' and 'TimedeltaArray'
2025-04-07 22:50:36,371 WARNING:No sprint data found.
2025-04-07 22:50:36,391 INFO:Loading data for Abu Dhabi Grand Prix - Race [v3.5.3]
2025-04-07 22:50:36,392 INFO:No cached data found for session_info. Loading data...
2025-04-07 22:50:36,392 INFO:Fetching session info data...
2025-04-07 22:50:36,954 INFO:Data has been written to cache!
2025-04-07 22:50:36,955 INFO:No cached data found for driver_info. Loading data...
2025-04-07 22:50:36,955 INFO:Fetching driver list...
2025-04-07 22:50:37,431 INFO:Data has been written to cache!
2025-04-07 22:50:37,910 INFO:No cached data found for session_status_data. Loading data...
2025-04-07 22:50:37,910 INFO:Fetching session status data...
2025-04-07 22:50:38,416 INFO:Data has been written to cache!
2025-04-07 22:50:38,418 INFO:No cached data found for lap_count. Loading data...
2025-04-07 22:50:38,418 INFO:Fetching lap count data...
2025-04-07 22:50:38,940 INFO:Data has been written to cache!
2025-04-07 22:50:38,940 INFO:No cached data found for track_status_data. Loading data...
2025-04-07 22:50:38,940 INFO:Fetching track status data...
2025-04-07 22:50:39,462 INFO:Data has been written to cache!
2025-04-07 22:50:39,462 INFO:No cached data found for _extended_timing_data. Loading data...
2025-04-07 22:50:39,462 INFO:Fetching timing data...
2025-04-07 22:50:41,042 INFO:Parsing timing data...
2025-04-07 22:50:41,307 WARNING:Driver 63: Ignoring late data for a previously processed lap.The data may contain errors (previous: 34; current 35)
2025-04-07 22:50:41,463 INFO:Data has been written to cache!
2025-04-07 22:50:41,463 INFO:No cached data found for timing_app_data. Loading data...
2025-04-07 22:50:41,463 INFO:Fetching timing app data...
2025-04-07 22:50:42,008 INFO:Data has been written to cache!
2025-04-07 22:50:42,008 INFO:Processing timing data...
2025-04-07 22:50:42,285 WARNING:Driver  4: Lap timing integrity check failed for 1 lap(s)
2025-04-07 22:50:42,290 WARNING:Driver 55: Lap timing integrity check failed for 1 lap(s)
2025-04-07 22:50:42,921 INFO:No cached data found for car_data. Loading data...
2025-04-07 22:50:42,922 INFO:Fetching car data...
2025-04-07 22:50:45,140 INFO:Parsing car data...
2025-04-07 22:50:46,640 INFO:Data has been written to cache!
2025-04-07 22:50:46,641 INFO:No cached data found for position_data. Loading data...
2025-04-07 22:50:46,641 INFO:Fetching position data...
2025-04-07 22:50:48,155 INFO:Parsing position data...
2025-04-07 22:50:49,322 INFO:Data has been written to cache!
2025-04-07 22:50:49,742 INFO:No cached data found for weather_data. Loading data...
2025-04-07 22:50:49,742 INFO:Fetching weather data...
2025-04-07 22:50:50,230 INFO:Data has been written to cache!
2025-04-07 22:50:50,231 INFO:No cached data found for race_control_messages. Loading data...
2025-04-07 22:50:50,231 INFO:Fetching race control messages...
2025-04-07 22:50:50,747 INFO:Data has been written to cache!
2025-04-07 22:50:50,775 INFO:Finished loading data for 20 drivers: ['44', '33', '16', '77', '5', '23', '11', '4', '26', '55', '3', '27', '7', '20', '8', '99', '63', '10', '88', '18']
2025-04-07 22:50:50,775 WARNING:Error in Round 21 - Yas Island: unsupported operand type(s) for &: 'TimedeltaArray' and 'TimedeltaArray'
